<?xml version="1.0" encoding="UTF-8"?>
<testng-results skipped="0" failed="0" ignored="0" total="3" passed="3">
  <reporter-output>
  </reporter-output>
  <suite name="Default suite" duration-ms="158937" started-at="2019-09-07T18:39:29Z" finished-at="2019-09-07T18:42:08Z">
    <groups>
    </groups>
    <test name="Default test" duration-ms="158937" started-at="2019-09-07T18:39:29Z" finished-at="2019-09-07T18:42:08Z">
      <class name="com.training.sanity.tests.CreateCourseTest">
        <test-method status="PASS" signature="beforesuite()[pri:0, instance:com.training.sanity.tests.CreateCourseTest@6093dd95]" name="beforesuite" is-config="true" duration-ms="1008" started-at="2019-09-07T18:39:28Z" finished-at="2019-09-07T18:39:29Z">
          <reporter-output>
          </reporter-output>
        </test-method> <!-- beforesuite -->
        <test-method status="PASS" signature="setUpBeforeClass()[pri:0, instance:com.training.sanity.tests.CreateCourseTest@6093dd95]" name="setUpBeforeClass" is-config="true" duration-ms="29481" started-at="2019-09-07T18:39:29Z" finished-at="2019-09-07T18:39:59Z">
          <reporter-output>
          </reporter-output>
        </test-method> <!-- setUpBeforeClass -->
        <test-method status="PASS" signature="validLoginTest()[pri:1, instance:com.training.sanity.tests.CreateCourseTest@6093dd95]" name="validLoginTest" duration-ms="31145" started-at="2019-09-07T18:39:59Z" finished-at="2019-09-07T18:40:30Z">
          <reporter-output>
          </reporter-output>
        </test-method> <!-- validLoginTest -->
        <test-method status="PASS" signature="validCreateCourseTest()[pri:2, instance:com.training.sanity.tests.CreateCourseTest@6093dd95]" name="validCreateCourseTest" duration-ms="54544" started-at="2019-09-07T18:40:30Z" finished-at="2019-09-07T18:41:24Z">
          <reporter-output>
          </reporter-output>
        </test-method> <!-- validCreateCourseTest -->
        <test-method status="PASS" signature="ValidCreateTask()[pri:0, instance:com.training.sanity.tests.CreateCourseTest@6093dd95]" name="ValidCreateTask" duration-ms="37109" started-at="2019-09-07T18:41:24Z" depends-on-methods="com.training.sanity.tests.CreateCourseTest.validCreateCourseTest" finished-at="2019-09-07T18:42:01Z">
          <reporter-output>
          </reporter-output>
        </test-method> <!-- ValidCreateTask -->
        <test-method status="PASS" signature="tearDown()[pri:0, instance:com.training.sanity.tests.CreateCourseTest@6093dd95]" name="tearDown" is-config="true" duration-ms="6506" started-at="2019-09-07T18:42:01Z" finished-at="2019-09-07T18:42:08Z">
          <reporter-output>
          </reporter-output>
        </test-method> <!-- tearDown -->
        <test-method status="PASS" signature="aftersuite()[pri:0, instance:com.training.sanity.tests.CreateCourseTest@6093dd95]" name="aftersuite" is-config="true" duration-ms="4418" started-at="2019-09-07T18:42:08Z" finished-at="2019-09-07T18:42:13Z">
          <reporter-output>
          </reporter-output>
        </test-method> <!-- aftersuite -->
      </class> <!-- com.training.sanity.tests.CreateCourseTest -->
    </test> <!-- Default test -->
  </suite> <!-- Default suite -->
</testng-results>
