<?xml version="1.0" encoding="UTF-8"?>
<!-- Generated by org.testng.reporters.JUnitXMLReporter -->
<testsuite hostname="sounrama" ignored="0" name="Default test" tests="3" failures="0" timestamp="07 Sep 2019 18:42:08 GMT" time="158.937" errors="0">
  <testcase name="validLoginTest" time="31.145" classname="com.training.sanity.tests.StudentLoginTest"/>
  <testcase name="validCreateCourseTest" time="54.544" classname="com.training.sanity.tests.CreateCourseTest"/>
  <testcase name="ValidCreateTask" time="37.109" classname="com.training.sanity.tests.CreateCourseTest"/>
</testsuite> <!-- Default test -->
